app/build/outputs/logs/manifest-merger-debug-report.txt
-- Merging decision tree log ---
manifest
ADDED from src/main/AndroidManifest.xml:2:1-82:12
INJECTED from src/main/AndroidManifest.xml:2:1-82:12
INJECTED from src/main/AndroidManifest.xml:2:1-82:12
INJECTED from src/main/AndroidManifest.xml:2:1-82:12
MERGED from [com.android.support:design:28.0.0-alpha1] AndroidManifest.xml:17:1-24:12
MERGED from [com.android.support:design-bottomappbar:28.0.0-alpha1] AndroidManifest.xml:17:1-24:12
MERGED from [com.android.support:design-theme:28.0.0-alpha1] AndroidManifest.xml:17:1-24:12
MERGED from [com.android.support:design-transformation:28.0.0-alpha1] AndroidManifest.xml:17:1-24:12
MERGED from [com.android.support:design-widget:28.0.0-alpha1] AndroidManifest.xml:17:1-24:12
MERGED from [com.android.support:design-bottomsheet:28.0.0-alpha1] AndroidManifest.xml:17:1-24:12
MERGED from [com.android.support:design-dialog:28.0.0-alpha1] AndroidManifest.xml:17:1-24:12
MERGED from [com.android.support:design-button:28.0.0-alpha1] AndroidManifest.xml:17:1-24:12
MERGED from [com.android.support:design-card:28.0.0-alpha1] AndroidManifest.xml:17:1-24:12
MERGED from [com.android.support:design-chip:28.0.0-alpha1] AndroidManifest.xml:17:1-24:12
MERGED from [com.android.support:design-internal:28.0.0-alpha1] AndroidManifest.xml:17:1-24:12
MERGED from [com.android.support:design-bottomnavigation:28.0.0-alpha1] AndroidManifest.xml:17:1-24:12
MERGED from [com.android.support:design-floatingactionbutton:28.0.0-alpha1] AndroidManifest.xml:17:1-24:12
MERGED from [com.android.support:design-navigation:28.0.0-alpha1] AndroidManifest.xml:17:1-24:12
MERGED from [com.android.support:design-resources:28.0.0-alpha1] AndroidManifest.xml:17:1-24:12
MERGED from [com.android.support:design-tabs:28.0.0-alpha1] AndroidManifest.xml:17:1-24:12
MERGED from [com.android.support:design-textfield:28.0.0-alpha1] AndroidManifest.xml:17:1-24:12
MERGED from [com.android.support:design-typography:28.0.0-alpha1] AndroidManifest.xml:17:1-24:12
MERGED from [com.android.support:design-shape:28.0.0-alpha1] AndroidManifest.xml:17:1-24:12
MERGED from [com.facebook.android:facebook-android-sdk:4.42.0] AndroidManifest.xml:21:1-31:12
MERGED from [com.facebook.android:facebook-login:4.42.0] AndroidManifest.xml:21:1-31:12
MERGED from [com.facebook.android:facebook-share:4.42.0] AndroidManifest.xml:21:1-31:12
MERGED from [com.facebook.android:facebook-common:4.42.0] AndroidManifest.xml:21:1-37:12
MERGED from [com.android.support:appcompat-v7:28.0.0-alpha1] AndroidManifest.xml:17:1-23:12
MERGED from [com.android.support.constraint:constraint-layout:1.1.3] AndroidManifest.xml:2:1-11:12
MERGED from [com.android.support:animated-vector-drawable:28.0.0-alpha1] AndroidManifest.xml:17:1-23:12
MERGED from [com.android.support:support-vector-drawable:28.0.0-alpha1] AndroidManifest.xml:17:1-22:12
MERGED from [com.wefika:horizontal-picker:1.1.1] AndroidManifest.xml:2:1-14:12
MERGED from [com.google.android.gms:play-services-ads:15.0.1] AndroidManifest.xml:17:1-25:12
MERGED from [com.google.android.gms:play-services-ads-identifier:15.0.1] AndroidManifest.xml:17:1-24:12
MERGED from [com.google.android.gms:play-services-ads-lite:15.0.1] AndroidManifest.xml:17:1-36:12
MERGED from [com.google.android.gms:play-services-gass:15.0.1] AndroidManifest.xml:2:1-9:12
MERGED from [com.google.android.gms:play-services-basement:15.0.1] AndroidManifest.xml:17:1-28:12
MERGED from [com.android.support:support-v4:28.0.0-alpha1] AndroidManifest.xml:17:1-23:12
MERGED from [com.azoft.carousellayoutmanager:carousel:1.2.4] AndroidManifest.xml:2:1-13:12
MERGED from [com.android.support:recyclerview-v7:28.0.0] AndroidManifest.xml:17:1-22:12
MERGED from [com.android.volley:volley:1.1.1] AndroidManifest.xml:2:1-11:12
MERGED from [com.google.android.exoplayer:exoplayer:2.9.0] AndroidManifest.xml:17:1-24:12
MERGED from [com.android.support:percent:28.0.0] AndroidManifest.xml:17:1-22:12
MERGED from [com.android.support:support-fragment:28.0.0-alpha1] AndroidManifest.xml:17:1-23:12
MERGED from [com.android.support:transition:28.0.0-alpha1] AndroidManifest.xml:17:1-23:12
MERGED from [com.android.support:design-animation:28.0.0-alpha1] AndroidManifest.xml:17:1-24:12
MERGED from [com.android.support:design-canvas:28.0.0-alpha1] AndroidManifest.xml:17:1-24:12
MERGED from [com.android.support:design-circularreveal-cardview:28.0.0-alpha1] AndroidManifest.xml:17:1-24:12
MERGED from [com.android.support:design-circularreveal-coordinatorlayout:28.0.0-alpha1] AndroidManifest.xml:17:1-24:12
MERGED from [com.android.support:design-circularreveal:28.0.0-alpha1] AndroidManifest.xml:17:1-24:12
MERGED from [com.android.support:design-drawable:28.0.0-alpha1] AndroidManifest.xml:17:1-24:12
MERGED from [com.android.support:design-expandable:28.0.0-alpha1] AndroidManifest.xml:17:1-24:12
MERGED from [com.android.support:design-ripple:28.0.0-alpha1] AndroidManifest.xml:17:1-24:12
MERGED from [com.android.support:design-stateful:28.0.0-alpha1] AndroidManifest.xml:17:1-24:12
MERGED from [com.facebook.android:facebook-places:4.42.0] AndroidManifest.xml:21:1-31:12
MERGED from [com.facebook.android:facebook-applinks:4.42.0] AndroidManifest.xml:21:1-31:12
MERGED from [com.facebook.android:facebook-messenger:4.42.0] AndroidManifest.xml:21:1-31:12
MERGED from [com.facebook.android:facebook-core:4.42.0] AndroidManifest.xml:21:1-53:12
MERGED from [com.google.android.exoplayer:exoplayer-dash:2.9.0] AndroidManifest.xml:17:1-24:12
MERGED from [com.google.android.exoplayer:exoplayer-hls:2.9.0] AndroidManifest.xml:17:1-24:12
MERGED from [com.google.android.exoplayer:exoplayer-smoothstreaming:2.9.0] AndroidManifest.xml:17:1-24:12
MERGED from [com.google.android.exoplayer:exoplayer-ui:2.9.0] AndroidManifest.xml:17:1-24:12
MERGED from [com.google.android.exoplayer:exoplayer-core:2.9.0] AndroidManifest.xml:17:1-26:12
MERGED from [com.android.support:cardview-v7:28.0.0-alpha1] AndroidManifest.xml:17:1-23:12
MERGED from [com.android.support:customtabs:27.0.2] AndroidManifest.xml:17:1-22:12
MERGED from [com.android.support:support-media-compat:28.0.0-alpha1] AndroidManifest.xml:17:1-23:12
MERGED from [com.android.support:support-core-ui:28.0.0] AndroidManifest.xml:17:1-22:12
MERGED from [com.android.support:support-core-utils:28.0.0] AndroidManifest.xml:17:1-22:12
MERGED from [com.android.support:viewpager:28.0.0] AndroidManifest.xml:17:1-22:12
MERGED from [com.android.support:coordinatorlayout:28.0.0] AndroidManifest.xml:17:1-22:12
MERGED from [com.android.support:drawerlayout:28.0.0] AndroidManifest.xml:17:1-22:12
MERGED from [com.android.support:slidingpanelayout:28.0.0] AndroidManifest.xml:17:1-22:12
MERGED from [com.android.support:customview:28.0.0] AndroidManifest.xml:17:1-22:12
MERGED from [com.android.support:swiperefreshlayout:28.0.0] AndroidManifest.xml:17:1-22:12
MERGED from [com.android.support:asynclayoutinflater:28.0.0] AndroidManifest.xml:17:1-22:12
MERGED from [com.android.support:loader:28.0.0] AndroidManifest.xml:17:1-22:12
MERGED from [com.android.support:support-compat:28.0.0] AndroidManifest.xml:17:1-24:12
MERGED from [com.android.support:versionedparcelable:28.0.0] AndroidManifest.xml:17:1-25:12
MERGED from [android.arch.lifecycle:runtime:1.1.1] AndroidManifest.xml:17:1-22:12
MERGED from [android.arch.lifecycle:livedata:1.1.1] AndroidManifest.xml:17:1-22:12
MERGED from [android.arch.lifecycle:livedata-core:1.1.1] AndroidManifest.xml:17:1-22:12
MERGED from [android.arch.core:runtime:1.1.1] AndroidManifest.xml:17:1-22:12
MERGED from [com.android.support:interpolator:28.0.0] AndroidManifest.xml:17:1-22:12
MERGED from [com.android.support:cursoradapter:28.0.0] AndroidManifest.xml:17:1-22:12
MERGED from [com.android.support:documentfile:28.0.0] AndroidManifest.xml:17:1-22:12
MERGED from [com.android.support:localbroadcastmanager:28.0.0] AndroidManifest.xml:17:1-22:12
MERGED from [com.android.support:print:28.0.0] AndroidManifest.xml:17:1-22:12
MERGED from [android.arch.lifecycle:viewmodel:1.1.1] AndroidManifest.xml:17:1-22:12
MERGED from [com.android.support:design-color:28.0.0-alpha1] AndroidManifest.xml:17:1-24:12
MERGED from [com.android.support:design-math:28.0.0-alpha1] AndroidManifest.xml:17:1-24:12
MERGED from [com.android.support:design-snackbar:28.0.0-alpha1] AndroidManifest.xml:17:1-24:12
MERGED from [com.google.android.gms:play-services-ads-base:15.0.1] AndroidManifest.xml:17:1-24:12
INJECTED from src/main/AndroidManifest.xml:2:1-82:12
INJECTED from src/main/AndroidManifest.xml:2:1-82:12
INJECTED from src/main/AndroidManifest.xml:2:1-82:12
	package
		ADDED from src/main/AndroidManifest.xml:4:5-40
		INJECTED from src/main/AndroidManifest.xml
		INJECTED from src/main/AndroidManifest.xml
	android:versionName
		INJECTED from src/main/AndroidManifest.xml
		ADDED from src/main/AndroidManifest.xml:2:1-82:12
		INJECTED from src/main/AndroidManifest.xml
	xmlns:tools
		ADDED from src/main/AndroidManifest.xml:3:5-51
	android:versionCode
		INJECTED from src/main/AndroidManifest.xml
		ADDED from src/main/AndroidManifest.xml:2:1-82:12
		INJECTED from src/main/AndroidManifest.xml
	xmlns:android
		ADDED from src/main/AndroidManifest.xml:2:11-69
uses-permission#android.permission.GET_ACCOUNTS
ADDED from src/main/AndroidManifest.xml:7:5-71
	android:name
		ADDED from src/main/AndroidManifest.xml:7:22-68
uses-permission#android.permission.READ_PROFILE
ADDED from src/main/AndroidManifest.xml:8:5-71
	android:name
		ADDED from src/main/AndroidManifest.xml:8:22-68
uses-permission#android.permission.READ_CONTACTS
ADDED from src/main/AndroidManifest.xml:9:5-72
	android:name
		ADDED from src/main/AndroidManifest.xml:9:22-69
uses-permission#android.permission.READ_PHONE_STATE
ADDED from src/main/AndroidManifest.xml:10:5-75
	android:name
		ADDED from src/main/AndroidManifest.xml:10:22-72
uses-permission#android.permission.INTERNET
ADDED from src/main/AndroidManifest.xml:11:5-67
MERGED from [com.google.android.gms:play-services-ads-lite:15.0.1] AndroidManifest.xml:23:5-67
MERGED from [com.google.android.gms:play-services-ads-lite:15.0.1] AndroidManifest.xml:23:5-67
	android:name
		ADDED from src/main/AndroidManifest.xml:11:22-64
uses-permission#android.permission.WRITE_EXTERNAL_STORAGE
ADDED from src/main/AndroidManifest.xml:12:5-80
	android:name
		ADDED from src/main/AndroidManifest.xml:12:22-78
uses-permission#android.permission.WAKE_LOCK
ADDED from src/main/AndroidManifest.xml:13:5-84
	android:name
		ADDED from src/main/AndroidManifest.xml:13:22-65
uses-permission#android.settings.IGNORE_BATTERY_OPTIMIZATION_SETTINGS
ADDED from src/main/AndroidManifest.xml:14:5-109
	android:name
		ADDED from src/main/AndroidManifest.xml:14:22-90
application
ADDED from src/main/AndroidManifest.xml:17:5-80:19
MERGED from [com.android.support:design:28.0.0-alpha1] AndroidManifest.xml:22:5-20
MERGED from [com.android.support:design:28.0.0-alpha1] AndroidManifest.xml:22:5-20
MERGED from [com.android.support:design-bottomappbar:28.0.0-alpha1] AndroidManifest.xml:22:5-20
MERGED from [com.android.support:design-bottomappbar:28.0.0-alpha1] AndroidManifest.xml:22:5-20
MERGED from [com.android.support:design-theme:28.0.0-alpha1] AndroidManifest.xml:22:5-20
MERGED from [com.android.support:design-theme:28.0.0-alpha1] AndroidManifest.xml:22:5-20
MERGED from [com.android.support:design-transformation:28.0.0-alpha1] AndroidManifest.xml:22:5-20
MERGED from [com.android.support:design-transformation:28.0.0-alpha1] AndroidManifest.xml:22:5-20
MERGED from [com.android.support:design-widget:28.0.0-alpha1] AndroidManifest.xml:22:5-20
MERGED from [com.android.support:design-widget:28.0.0-alpha1] AndroidManifest.xml:22:5-20
MERGED from [com.android.support:design-bottomsheet:28.0.0-alpha1] AndroidManifest.xml:22:5-20
MERGED from [com.android.support:design-bottomsheet:28.0.0-alpha1] AndroidManifest.xml:22:5-20
MERGED from [com.android.support:design-dialog:28.0.0-alpha1] AndroidManifest.xml:22:5-20
MERGED from [com.android.support:design-dialog:28.0.0-alpha1] AndroidManifest.xml:22:5-20
MERGED from [com.android.support:design-button:28.0.0-alpha1] AndroidManifest.xml:22:5-20
MERGED from [com.android.support:design-button:28.0.0-alpha1] AndroidManifest.xml:22:5-20
MERGED from [com.android.support:design-card:28.0.0-alpha1] AndroidManifest.xml:22:5-20
MERGED from [com.android.support:design-card:28.0.0-alpha1] AndroidManifest.xml:22:5-20
MERGED from [com.android.support:design-chip:28.0.0-alpha1] AndroidManifest.xml:22:5-20
MERGED from [com.android.support:design-chip:28.0.0-alpha1] AndroidManifest.xml:22:5-20
MERGED from [com.android.support:design-internal:28.0.0-alpha1] AndroidManifest.xml:22:5-20
MERGED from [com.android.support:design-internal:28.0.0-alpha1] AndroidManifest.xml:22:5-20
MERGED from [com.android.support:design-bottomnavigation:28.0.0-alpha1] AndroidManifest.xml:22:5-20
MERGED from [com.android.support:design-bottomnavigation:28.0.0-alpha1] AndroidManifest.xml:22:5-20
MERGED from [com.android.support:design-floatingactionbutton:28.0.0-alpha1] AndroidManifest.xml:22:5-20
MERGED from [com.android.support:design-floatingactionbutton:28.0.0-alpha1] AndroidManifest.xml:22:5-20
MERGED from [com.android.support:design-navigation:28.0.0-alpha1] AndroidManifest.xml:22:5-20
MERGED from [com.android.support:design-navigation:28.0.0-alpha1] AndroidManifest.xml:22:5-20
MERGED from [com.android.support:design-resources:28.0.0-alpha1] AndroidManifest.xml:22:5-20
MERGED from [com.android.support:design-resources:28.0.0-alpha1] AndroidManifest.xml:22:5-20
MERGED from [com.android.support:design-tabs:28.0.0-alpha1] AndroidManifest.xml:22:5-20
MERGED from [com.android.support:design-tabs:28.0.0-alpha1] AndroidManifest.xml:22:5-20
MERGED from [com.android.support:design-textfield:28.0.0-alpha1] AndroidManifest.xml:22:5-20
MERGED from [com.android.support:design-textfield:28.0.0-alpha1] AndroidManifest.xml:22:5-20
MERGED from [com.android.support:design-typography:28.0.0-alpha1] AndroidManifest.xml:22:5-20
MERGED from [com.android.support:design-typography:28.0.0-alpha1] AndroidManifest.xml:22:5-20
MERGED from [com.android.support:design-shape:28.0.0-alpha1] AndroidManifest.xml:22:5-20
MERGED from [com.android.support:design-shape:28.0.0-alpha1] AndroidManifest.xml:22:5-20
MERGED from [com.facebook.android:facebook-android-sdk:4.42.0] AndroidManifest.xml:28:5-29:19
MERGED from [com.facebook.android:facebook-android-sdk:4.42.0] AndroidManifest.xml:28:5-29:19
MERGED from [com.facebook.android:facebook-login:4.42.0] AndroidManifest.xml:28:5-29:19
MERGED from [com.facebook.android:facebook-login:4.42.0] AndroidManifest.xml:28:5-29:19
MERGED from [com.facebook.android:facebook-share:4.42.0] AndroidManifest.xml:28:5-29:19
MERGED from [com.facebook.android:facebook-share:4.42.0] AndroidManifest.xml:28:5-29:19
MERGED from [com.facebook.android:facebook-common:4.42.0] AndroidManifest.xml:28:5-35:19
MERGED from [com.facebook.android:facebook-common:4.42.0] AndroidManifest.xml:28:5-35:19
MERGED from [com.android.support.constraint:constraint-layout:1.1.3] AndroidManifest.xml:9:5-20
MERGED from [com.android.support.constraint:constraint-layout:1.1.3] AndroidManifest.xml:9:5-20
MERGED from [com.wefika:horizontal-picker:1.1.1] AndroidManifest.xml:11:5-12:19
MERGED from [com.wefika:horizontal-picker:1.1.1] AndroidManifest.xml:11:5-12:19
MERGED from [com.google.android.gms:play-services-ads-identifier:15.0.1] AndroidManifest.xml:22:5-20
MERGED from [com.google.android.gms:play-services-ads-identifier:15.0.1] AndroidManifest.xml:22:5-20
MERGED from [com.google.android.gms:play-services-ads-lite:15.0.1] AndroidManifest.xml:26:5-34:19
MERGED from [com.google.android.gms:play-services-ads-lite:15.0.1] AndroidManifest.xml:26:5-34:19
MERGED from [com.google.android.gms:play-services-gass:15.0.1] AndroidManifest.xml:7:5-20
MERGED from [com.google.android.gms:play-services-gass:15.0.1] AndroidManifest.xml:7:5-20
MERGED from [com.google.android.gms:play-services-basement:15.0.1] AndroidManifest.xml:22:5-26:19
MERGED from [com.google.android.gms:play-services-basement:15.0.1] AndroidManifest.xml:22:5-26:19
MERGED from [com.azoft.carousellayoutmanager:carousel:1.2.4] AndroidManifest.xml:11:5-20
MERGED from [com.azoft.carousellayoutmanager:carousel:1.2.4] AndroidManifest.xml:11:5-20
MERGED from [com.android.volley:volley:1.1.1] AndroidManifest.xml:9:5-20
MERGED from [com.android.volley:volley:1.1.1] AndroidManifest.xml:9:5-20
MERGED from [com.android.support:design-animation:28.0.0-alpha1] AndroidManifest.xml:22:5-20
MERGED from [com.android.support:design-animation:28.0.0-alpha1] AndroidManifest.xml:22:5-20
MERGED from [com.android.support:design-canvas:28.0.0-alpha1] AndroidManifest.xml:22:5-20
MERGED from [com.android.support:design-canvas:28.0.0-alpha1] AndroidManifest.xml:22:5-20
MERGED from [com.android.support:design-circularreveal-cardview:28.0.0-alpha1] AndroidManifest.xml:22:5-20
MERGED from [com.android.support:design-circularreveal-cardview:28.0.0-alpha1] AndroidManifest.xml:22:5-20
MERGED from [com.android.support:design-circularreveal-coordinatorlayout:28.0.0-alpha1] AndroidManifest.xml:22:5-20
MERGED from [com.android.support:design-circularreveal-coordinatorlayout:28.0.0-alpha1] AndroidManifest.xml:22:5-20
MERGED from [com.android.support:design-circularreveal:28.0.0-alpha1] AndroidManifest.xml:22:5-20
MERGED from [com.android.support:design-circularreveal:28.0.0-alpha1] AndroidManifest.xml:22:5-20
MERGED from [com.android.support:design-drawable:28.0.0-alpha1] AndroidManifest.xml:22:5-20
MERGED from [com.android.support:design-drawable:28.0.0-alpha1] AndroidManifest.xml:22:5-20
MERGED from [com.android.support:design-expandable:28.0.0-alpha1] AndroidManifest.xml:22:5-20
MERGED from [com.android.support:design-expandable:28.0.0-alpha1] AndroidManifest.xml:22:5-20
MERGED from [com.android.support:design-ripple:28.0.0-alpha1] AndroidManifest.xml:22:5-20
MERGED from [com.android.support:design-ripple:28.0.0-alpha1] AndroidManifest.xml:22:5-20
MERGED from [com.android.support:design-stateful:28.0.0-alpha1] AndroidManifest.xml:22:5-20
MERGED from [com.android.support:design-stateful:28.0.0-alpha1] AndroidManifest.xml:22:5-20
MERGED from [com.facebook.android:facebook-places:4.42.0] AndroidManifest.xml:28:5-29:19
MERGED from [com.facebook.android:facebook-places:4.42.0] AndroidManifest.xml:28:5-29:19
MERGED from [com.facebook.android:facebook-applinks:4.42.0] AndroidManifest.xml:28:5-29:19
MERGED from [com.facebook.android:facebook-applinks:4.42.0] AndroidManifest.xml:28:5-29:19
MERGED from [com.facebook.android:facebook-messenger:4.42.0] AndroidManifest.xml:28:5-29:19
MERGED from [com.facebook.android:facebook-messenger:4.42.0] AndroidManifest.xml:28:5-29:19
MERGED from [com.facebook.android:facebook-core:4.42.0] AndroidManifest.xml:28:5-51:19
MERGED from [com.facebook.android:facebook-core:4.42.0] AndroidManifest.xml:28:5-51:19
MERGED from [com.android.support:support-compat:28.0.0] AndroidManifest.xml:22:5-94
MERGED from [com.android.support:support-compat:28.0.0] AndroidManifest.xml:22:5-94
MERGED from [com.android.support:versionedparcelable:28.0.0] AndroidManifest.xml:22:5-23:19
MERGED from [com.android.support:versionedparcelable:28.0.0] AndroidManifest.xml:22:5-23:19
MERGED from [com.android.support:design-color:28.0.0-alpha1] AndroidManifest.xml:22:5-20
MERGED from [com.android.support:design-color:28.0.0-alpha1] AndroidManifest.xml:22:5-20
MERGED from [com.android.support:design-math:28.0.0-alpha1] AndroidManifest.xml:22:5-20
MERGED from [com.android.support:design-math:28.0.0-alpha1] AndroidManifest.xml:22:5-20
MERGED from [com.android.support:design-snackbar:28.0.0-alpha1] AndroidManifest.xml:22:5-20
MERGED from [com.android.support:design-snackbar:28.0.0-alpha1] AndroidManifest.xml:22:5-20
MERGED from [com.google.android.gms:play-services-ads-base:15.0.1] AndroidManifest.xml:22:5-20
MERGED from [com.google.android.gms:play-services-ads-base:15.0.1] AndroidManifest.xml:22:5-20
	android:appComponentFactory
		ADDED from [com.android.support:support-compat:28.0.0] AndroidManifest.xml:22:18-91
	android:supportsRtl
		ADDED from src/main/AndroidManifest.xml:22:9-35
	android:label
		ADDED from src/main/AndroidManifest.xml:20:9-41
	android:roundIcon
		ADDED from src/main/AndroidManifest.xml:21:9-59
	android:icon
		ADDED from src/main/AndroidManifest.xml:19:9-54
	android:allowBackup
		ADDED from src/main/AndroidManifest.xml:18:9-35
	android:theme
		ADDED from src/main/AndroidManifest.xml:23:9-40
activity#com.innovasystem.appradio.Activities.LoginActivity
ADDED from src/main/AndroidManifest.xml:24:9-27:52
	android:screenOrientation
		ADDED from src/main/AndroidManifest.xml:27:13-49
	android:label
		ADDED from src/main/AndroidManifest.xml:26:13-45
	android:name
		ADDED from src/main/AndroidManifest.xml:25:13-53
service#com.innovasystem.appradio.Services.RadioStreamService
ADDED from src/main/AndroidManifest.xml:29:9-31:37
	android:enabled
		ADDED from src/main/AndroidManifest.xml:31:13-35
	android:stopWithTask
		ADDED from src/main/AndroidManifest.xml:30:13-41
	android:name
		ADDED from src/main/AndroidManifest.xml:29:18-61
meta-data#com.facebook.sdk.ApplicationId
ADDED from src/main/AndroidManifest.xml:34:9-36:55
	android:value
		ADDED from src/main/AndroidManifest.xml:36:13-52
	android:name
		ADDED from src/main/AndroidManifest.xml:35:13-58
meta-data#preloaded_fonts
ADDED from src/main/AndroidManifest.xml:37:9-39:57
	android:resource
		ADDED from src/main/AndroidManifest.xml:39:13-54
	android:name
		ADDED from src/main/AndroidManifest.xml:38:13-43
activity#com.facebook.FacebookActivity
ADDED from src/main/AndroidManifest.xml:41:9-44:48
MERGED from [com.facebook.android:facebook-common:4.42.0] AndroidManifest.xml:29:9-32:66
MERGED from [com.facebook.android:facebook-common:4.42.0] AndroidManifest.xml:29:9-32:66
	android:label
		ADDED from src/main/AndroidManifest.xml:44:13-45
	android:configChanges
		ADDED from src/main/AndroidManifest.xml:43:13-96
	android:theme
		ADDED from [com.facebook.android:facebook-common:4.42.0] AndroidManifest.xml:32:13-63
	android:name
		ADDED from src/main/AndroidManifest.xml:42:13-57
activity#com.facebook.CustomTabActivity
ADDED from src/main/AndroidManifest.xml:45:9-56:20
MERGED from [com.facebook.android:facebook-common:4.42.0] AndroidManifest.xml:34:9-67
MERGED from [com.facebook.android:facebook-common:4.42.0] AndroidManifest.xml:34:9-67
	android:exported
		ADDED from src/main/AndroidManifest.xml:47:13-36
	android:name
		ADDED from src/main/AndroidManifest.xml:46:13-58
intent-filter#action:name:android.intent.action.VIEW+category:name:android.intent.category.BROWSABLE+category:name:android.intent.category.DEFAULT+data:scheme:@string/fb_login_protocol_scheme
ADDED from src/main/AndroidManifest.xml:48:13-55:29
action#android.intent.action.VIEW
ADDED from src/main/AndroidManifest.xml:49:17-69
	android:name
		ADDED from src/main/AndroidManifest.xml:49:25-66
category#android.intent.category.DEFAULT
ADDED from src/main/AndroidManifest.xml:51:17-76
	android:name
		ADDED from src/main/AndroidManifest.xml:51:27-73
category#android.intent.category.BROWSABLE
ADDED from src/main/AndroidManifest.xml:52:17-78
	android:name
		ADDED from src/main/AndroidManifest.xml:52:27-75
data
ADDED from src/main/AndroidManifest.xml:54:17-75
	android:scheme
		ADDED from src/main/AndroidManifest.xml:54:23-72
activity#com.innovasystem.appradio.Activities.RegisterActivity
ADDED from src/main/AndroidManifest.xml:57:9-59:52
	android:screenOrientation
		ADDED from src/main/AndroidManifest.xml:59:13-49
	android:name
		ADDED from src/main/AndroidManifest.xml:58:13-56
activity#com.innovasystem.appradio.Activities.HomeActivity
ADDED from src/main/AndroidManifest.xml:60:9-63:52
	android:screenOrientation
		ADDED from src/main/AndroidManifest.xml:63:13-49
	android:label
		ADDED from src/main/AndroidManifest.xml:62:13-56
	android:name
		ADDED from src/main/AndroidManifest.xml:61:13-52
activity#com.innovasystem.appradio.Activities.SplashActivity
ADDED from src/main/AndroidManifest.xml:64:9-72:20
	android:screenOrientation
		ADDED from src/main/AndroidManifest.xml:66:13-49
	android:name
		ADDED from src/main/AndroidManifest.xml:65:13-54
intent-filter#action:name:android.intent.action.MAIN+category:name:android.intent.category.LAUNCHER
ADDED from src/main/AndroidManifest.xml:67:13-71:29
action#android.intent.action.MAIN
ADDED from src/main/AndroidManifest.xml:68:17-69
	android:name
		ADDED from src/main/AndroidManifest.xml:68:25-66
category#android.intent.category.LAUNCHER
ADDED from src/main/AndroidManifest.xml:70:17-77
	android:name
		ADDED from src/main/AndroidManifest.xml:70:27-74
activity#com.innovasystem.appradio.Activities.RegisterOneActivity
ADDED from src/main/AndroidManifest.xml:73:9-75:52
	android:screenOrientation
		ADDED from src/main/AndroidManifest.xml:75:13-49
	android:name
		ADDED from src/main/AndroidManifest.xml:74:13-59
activity#com.innovasystem.appradio.Activities.RegisterTwoActivity
ADDED from src/main/AndroidManifest.xml:76:9-78:52
	android:screenOrientation
		ADDED from src/main/AndroidManifest.xml:78:13-49
	android:name
		ADDED from src/main/AndroidManifest.xml:77:13-59
activity#com.innovasystem.appradio.Activities.ForgotPasswordActivity
ADDED from src/main/AndroidManifest.xml:79:9-80
	android:name
		ADDED from src/main/AndroidManifest.xml:79:19-68
uses-sdk
INJECTED from src/main/AndroidManifest.xml reason: use-sdk injection requested
INJECTED from src/main/AndroidManifest.xml
INJECTED from src/main/AndroidManifest.xml
MERGED from [com.android.support:design:28.0.0-alpha1] AndroidManifest.xml:20:5-44
MERGED from [com.android.support:design:28.0.0-alpha1] AndroidManifest.xml:20:5-44
MERGED from [com.android.support:design-bottomappbar:28.0.0-alpha1] AndroidManifest.xml:20:5-44
MERGED from [com.android.support:design-bottomappbar:28.0.0-alpha1] AndroidManifest.xml:20:5-44
MERGED from [com.android.support:design-theme:28.0.0-alpha1] AndroidManifest.xml:20:5-44
MERGED from [com.android.support:design-theme:28.0.0-alpha1] AndroidManifest.xml:20:5-44
MERGED from [com.android.support:design-transformation:28.0.0-alpha1] AndroidManifest.xml:20:5-44
MERGED from [com.android.support:design-transformation:28.0.0-alpha1] AndroidManifest.xml:20:5-44
MERGED from [com.android.support:design-widget:28.0.0-alpha1] AndroidManifest.xml:20:5-44
MERGED from [com.android.support:design-widget:28.0.0-alpha1] AndroidManifest.xml:20:5-44
MERGED from [com.android.support:design-bottomsheet:28.0.0-alpha1] AndroidManifest.xml:20:5-44
MERGED from [com.android.support:design-bottomsheet:28.0.0-alpha1] AndroidManifest.xml:20:5-44
MERGED from [com.android.support:design-dialog:28.0.0-alpha1] AndroidManifest.xml:20:5-44
MERGED from [com.android.support:design-dialog:28.0.0-alpha1] AndroidManifest.xml:20:5-44
MERGED from [com.android.support:design-button:28.0.0-alpha1] AndroidManifest.xml:20:5-44
MERGED from [com.android.support:design-button:28.0.0-alpha1] AndroidManifest.xml:20:5-44
MERGED from [com.android.support:design-card:28.0.0-alpha1] AndroidManifest.xml:20:5-44
MERGED from [com.android.support:design-card:28.0.0-alpha1] AndroidManifest.xml:20:5-44
MERGED from [com.android.support:design-chip:28.0.0-alpha1] AndroidManifest.xml:20:5-44
MERGED from [com.android.support:design-chip:28.0.0-alpha1] AndroidManifest.xml:20:5-44
MERGED from [com.android.support:design-internal:28.0.0-alpha1] AndroidManifest.xml:20:5-44
MERGED from [com.android.support:design-internal:28.0.0-alpha1] AndroidManifest.xml:20:5-44
MERGED from [com.android.support:design-bottomnavigation:28.0.0-alpha1] AndroidManifest.xml:20:5-44
MERGED from [com.android.support:design-bottomnavigation:28.0.0-alpha1] AndroidManifest.xml:20:5-44
MERGED from [com.android.support:design-floatingactionbutton:28.0.0-alpha1] AndroidManifest.xml:20:5-44
MERGED from [com.android.support:design-floatingactionbutton:28.0.0-alpha1] AndroidManifest.xml:20:5-44
MERGED from [com.android.support:design-navigation:28.0.0-alpha1] AndroidManifest.xml:20:5-44
MERGED from [com.android.support:design-navigation:28.0.0-alpha1] AndroidManifest.xml:20:5-44
MERGED from [com.android.support:design-resources:28.0.0-alpha1] AndroidManifest.xml:20:5-44
MERGED from [com.android.support:design-resources:28.0.0-alpha1] AndroidManifest.xml:20:5-44
MERGED from [com.android.support:design-tabs:28.0.0-alpha1] AndroidManifest.xml:20:5-44
MERGED from [com.android.support:design-tabs:28.0.0-alpha1] AndroidManifest.xml:20:5-44
MERGED from [com.android.support:design-textfield:28.0.0-alpha1] AndroidManifest.xml:20:5-44
MERGED from [com.android.support:design-textfield:28.0.0-alpha1] AndroidManifest.xml:20:5-44
MERGED from [com.android.support:design-typography:28.0.0-alpha1] AndroidManifest.xml:20:5-44
MERGED from [com.android.support:design-typography:28.0.0-alpha1] AndroidManifest.xml:20:5-44
MERGED from [com.android.support:design-shape:28.0.0-alpha1] AndroidManifest.xml:20:5-44
MERGED from [com.android.support:design-shape:28.0.0-alpha1] AndroidManifest.xml:20:5-44
MERGED from [com.facebook.android:facebook-android-sdk:4.42.0] AndroidManifest.xml:24:5-26:41
MERGED from [com.facebook.android:facebook-android-sdk:4.42.0] AndroidManifest.xml:24:5-26:41
MERGED from [com.facebook.android:facebook-login:4.42.0] AndroidManifest.xml:24:5-26:41
MERGED from [com.facebook.android:facebook-login:4.42.0] AndroidManifest.xml:24:5-26:41
MERGED from [com.facebook.android:facebook-share:4.42.0] AndroidManifest.xml:24:5-26:41
MERGED from [com.facebook.android:facebook-share:4.42.0] AndroidManifest.xml:24:5-26:41
MERGED from [com.facebook.android:facebook-common:4.42.0] AndroidManifest.xml:24:5-26:41
MERGED from [com.facebook.android:facebook-common:4.42.0] AndroidManifest.xml:24:5-26:41
MERGED from [com.android.support:appcompat-v7:28.0.0-alpha1] AndroidManifest.xml:21:5-44
MERGED from [com.android.support:appcompat-v7:28.0.0-alpha1] AndroidManifest.xml:21:5-44
MERGED from [com.android.support.constraint:constraint-layout:1.1.3] AndroidManifest.xml:5:5-7:41